TN:
SF:src/contaBancaria.js
FN:2,(anonymous_0)
FN:6,(anonymous_1)
FN:10,(anonymous_2)
FN:14,(anonymous_3)
FN:18,(anonymous_4)
FN:22,(anonymous_5)
FN:26,(anonymous_6)
FN:34,(anonymous_7)
FN:46,(anonymous_8)
FN:53,(anonymous_9)
FN:60,(anonymous_10)
FN:67,(anonymous_11)
FN:74,(anonymous_12)
FN:79,(anonymous_13)
FN:86,(anonymous_14)
FN:93,(anonymous_15)
FN:97,(anonymous_16)
FN:107,(anonymous_17)
FN:111,(anonymous_18)
FN:121,(anonymous_19)
FN:133,(anonymous_20)
FNF:21
FNH:21
FNDA:58,(anonymous_0)
FNDA:16,(anonymous_1)
FNDA:3,(anonymous_2)
FNDA:6,(anonymous_3)
FNDA:2,(anonymous_4)
FNDA:5,(anonymous_5)
FNDA:6,(anonymous_6)
FNDA:9,(anonymous_7)
FNDA:3,(anonymous_8)
FNDA:4,(anonymous_9)
FNDA:2,(anonymous_10)
FNDA:3,(anonymous_11)
FNDA:8,(anonymous_12)
FNDA:3,(anonymous_13)
FNDA:4,(anonymous_14)
FNDA:3,(anonymous_15)
FNDA:4,(anonymous_16)
FNDA:4,(anonymous_17)
FNDA:2,(anonymous_18)
FNDA:6,(anonymous_19)
FNDA:1,(anonymous_20)
DA:3,58
DA:7,16
DA:11,3
DA:15,6
DA:19,2
DA:23,5
DA:27,6
DA:29,4
DA:30,4
DA:31,4
DA:35,9
DA:37,7
DA:39,7
DA:41,6
DA:42,6
DA:43,6
DA:47,3
DA:49,1
DA:50,1
DA:54,4
DA:56,3
DA:57,3
DA:61,2
DA:63,1
DA:64,1
DA:68,3
DA:70,1
DA:71,1
DA:75,8
DA:76,8
DA:80,3
DA:82,1
DA:83,1
DA:87,4
DA:89,3
DA:90,3
DA:94,3
DA:98,4
DA:100,2
DA:101,2
DA:103,2
DA:104,2
DA:108,4
DA:112,2
DA:122,6
DA:123,5
DA:124,4
DA:125,3
DA:126,2
DA:127,1
DA:130,1
DA:134,1
DA:135,1
DA:136,1
DA:137,1
DA:141,1
LF:56
LH:56
BRDA:27,0,0,2
BRDA:27,0,1,4
BRDA:35,1,0,2
BRDA:35,1,1,7
BRDA:39,2,0,1
BRDA:39,2,1,6
BRDA:47,3,0,2
BRDA:47,3,1,1
BRDA:54,4,0,1
BRDA:54,4,1,3
BRDA:61,5,0,1
BRDA:61,5,1,1
BRDA:68,6,0,2
BRDA:68,6,1,1
BRDA:76,7,0,8
BRDA:76,7,1,5
BRDA:80,8,0,2
BRDA:80,8,1,1
BRDA:87,9,0,1
BRDA:87,9,1,3
BRDA:98,10,0,2
BRDA:98,10,1,2
BRDA:101,11,0,0
BRDA:101,11,1,2
BRDA:122,12,0,1
BRDA:122,12,1,5
BRDA:123,13,0,1
BRDA:123,13,1,4
BRDA:124,14,0,1
BRDA:124,14,1,3
BRDA:125,15,0,1
BRDA:125,15,1,2
BRDA:126,16,0,1
BRDA:126,16,1,1
BRF:34
BRH:33
end_of_record
